<?xml version="1.0" encoding="UTF-8" ?>
<testsuite errors="0" failures="1" hostname="MBP-Fabio.local" name="controller.WarehouseHistoryControllerTest" skipped="0" tests="1" time="0.278" timestamp="2018-07-17T11:15:45">
  <properties>
[...]
</properties>
  <testcase classname="controller.WarehouseHistoryControllerTest" name="administrationControllerCheckRegexText" time="0.233">
    <failure type="junit.framework.AssertionFailedError">junit.framework.AssertionFailedError
	at controller.WarehouseHistoryControllerTest.administrationControllerCheckRegexText(WarehouseHistoryControllerTest.java:76)
</failure>
  </testcase>
  <system-out><![CDATA[[INFO] [Tue Jul 17 13:15:45 CEST 2018]-[controller.WarehouseHistoryControllerTest] administrationControllerCheckRegexText : STARTING : 
[INFO] [Tue Jul 17 13:15:45 CEST 2018]-[model.ProprietiesLoader] Load Proprieties file.. :  : 
[INFO] [Tue Jul 17 13:15:45 CEST 2018]-[model.DBConnector] Connected to Mysql :  : 
[INFO] [Tue Jul 17 13:15:45 CEST 2018]-[controller.WarehouseHistoryControllerTest] administrationControllerCheckRegexText : STARTING ASSERT : resRegexTxt
[INFO] [Tue Jul 17 13:15:45 CEST 2018]-[controller.AdministrationController] CheckRegex : Regex OK : 
[INFO] [Tue Jul 17 13:15:45 CEST 2018]-[controller.WarehouseHistoryControllerTest] administrationControllerCheckRegexText : STARTING ASSERT : resRegexTxt1
[INFO] [Tue Jul 17 13:15:45 CEST 2018]-[controller.AdministrationController] CheckRegex : Regex OK : 
[INFO] [Tue Jul 17 13:15:45 CEST 2018]-[controller.WarehouseHistoryControllerTest] administrationControllerCheckRegexText : STARTING ASSERT : resRegexNumber
[INFO] [Tue Jul 17 13:15:45 CEST 2018]-[controller.AdministrationController] CheckRegex : Regex OK : 
[INFO] [Tue Jul 17 13:15:45 CEST 2018]-[controller.WarehouseHistoryControllerTest] administrationControllerCheckRegexText : STARTING ASSERT : resRegexTxt2
[ERROR] [Tue Jul 17 13:15:45 CEST 2018]-[controller.AdministrationController] CheckRegex : Regex ERROR : 
[INFO] [Tue Jul 17 13:15:45 CEST 2018]-[controller.WarehouseHistoryControllerTest] administrationControllerCheckRegexText : STARTING ASSERT : resRegexPrice
[ERROR] [Tue Jul 17 13:15:45 CEST 2018]-[controller.AdministrationController] CheckRegex : Regex ERROR : 
[INFO] [Tue Jul 17 13:15:45 CEST 2018]-[controller.WarehouseHistoryControllerTest] administrationControllerCheckRegexText : STARTING ASSERT : resRegexPrice1
[INFO] [Tue Jul 17 13:15:45 CEST 2018]-[controller.AdministrationController] CheckRegex : Regex OK : 
[INFO] [Tue Jul 17 13:15:45 CEST 2018]-[controller.WarehouseHistoryControllerTest] administrationControllerCheckRegexText : STARTING ASSERT : resRegexPrice2
[INFO] [Tue Jul 17 13:15:45 CEST 2018]-[controller.AdministrationController] CheckRegex : Regex OK : 
[INFO] [Tue Jul 17 13:15:45 CEST 2018]-[controller.WarehouseHistoryControllerTest] administrationControllerCheckRegexText : STARTING ASSERT : resRegexDate
[INFO] [Tue Jul 17 13:15:45 CEST 2018]-[controller.AdministrationController] CheckRegex : Regex OK : 
[INFO] [Tue Jul 17 13:15:45 CEST 2018]-[controller.WarehouseHistoryControllerTest] administrationControllerCheckRegexText : STARTING ASSERT : resRegexDate1
[ERROR] [Tue Jul 17 13:15:45 CEST 2018]-[controller.AdministrationController] CheckRegex : Regex ERROR : 
[INFO] [Tue Jul 17 13:15:45 CEST 2018]-[controller.WarehouseHistoryControllerTest] administrationControllerCheckRegexText : STARTING ASSERT : resRegexDate2
[ERROR] [Tue Jul 17 13:15:45 CEST 2018]-[controller.AdministrationController] CheckRegex : Regex ERROR : 
[INFO] [Tue Jul 17 13:15:45 CEST 2018]-[controller.WarehouseHistoryControllerTest] administrationControllerCheckRegexText : STARTING ASSERT : resRegexDate3
[ERROR] [Tue Jul 17 13:15:45 CEST 2018]-[controller.AdministrationController] CheckRegex : Regex ERROR : 
[INFO] [Tue Jul 17 13:15:45 CEST 2018]-[controller.WarehouseHistoryControllerTest] administrationControllerCheckRegexText : STARTING ASSERT : resRegexDate4
[ERROR] [Tue Jul 17 13:15:45 CEST 2018]-[controller.AdministrationController] CheckRegex : Regex ERROR : 
[INFO] [Tue Jul 17 13:15:45 CEST 2018]-[controller.WarehouseHistoryControllerTest] administrationControllerCheckRegexText : STARTING ASSERT : resRegexDate4
[ERROR] [Tue Jul 17 13:15:45 CEST 2018]-[controller.AdministrationController] CheckRegex : Regex ERROR : 
]]></system-out>
  <system-err><![CDATA[]]></system-err>
</testsuite>
